<?xml version="1.0" encoding="UTF-8"?>
<!-- Generated by org.testng.reporters.JUnitXMLReporter -->
<testsuite ignored="0" hostname="Jagadeep" failures="0" tests="5" name="Test" time="9.731" errors="0" timestamp="2026-04-20T23:03:23 IST">
  <testcase classname="DataProviderDemo" name="search" time="0.26"/>
  <testcase classname="DataProviderDemo" name="search" time="0.261"/>
  <testcase classname="DemoBlazeDemo" name="loginPasswordInvalid" time="2.247"/>
  <testcase classname="DemoBlazeDemo" name="loginPasswordInvalid" time="2.141"/>
  <testcase classname="DemoBlazeDemo" name="login" time="3.703"/>
</testsuite> <!-- Test -->
