<?xml version="1.0" encoding="UTF-8"?>
<!-- Generated by org.testng.reporters.JUnitXMLReporter -->
<testsuite ignored="0" hostname="Jagadeep" failures="0" tests="5" name="Test" time="8.608" errors="0" timestamp="2026-04-20T23:15:17 IST">
  <testcase classname="DataProviderDemo" name="search" time="0.395"/>
  <testcase classname="DataProviderDemo" name="search" time="0.441"/>
  <testcase classname="DemoBlazeDemo" name="loginPasswordInvalid" time="2.125"/>
  <testcase classname="DemoBlazeDemo" name="loginPasswordInvalid" time="2.141"/>
  <testcase classname="DemoBlazeDemo" name="login" time="3.848"/>
</testsuite> <!-- Test -->
