<?xml version="1.0" encoding="UTF-8"?>
<testng-results ignored="0" total="5" passed="5" failed="0" skipped="0">
  <reporter-output>
  </reporter-output>
  <suite started-at="2026-04-20T23:15:08 IST" name="Suite" finished-at="2026-04-20T23:15:17 IST" duration-ms="8608">
    <groups>
    </groups>
    <test started-at="2026-04-20T23:15:08 IST" name="Test" finished-at="2026-04-20T23:15:17 IST" duration-ms="8608">
      <class name="DemoBlazeDemo">
        <test-method is-config="true" signature="beforeMethod(java.lang.String,java.lang.String)[pri:0, instance:DemoBlazeDemo@74235045]" started-at="2026-04-20T23:15:08 IST" name="beforeMethod" finished-at="2026-04-20T23:15:13 IST" duration-ms="4632" status="PASS">
          <params>
            <param index="0">
              <value>
                <![CDATA[chrome]]>
              </value>
            </param>
            <param index="1">
              <value>
                <![CDATA[https://www.demoblaze.com/]]>
              </value>
            </param>
          </params>
          <reporter-output>
          </reporter-output>
        </test-method> <!-- beforeMethod -->
        <test-method is-config="true" signature="beforeMethod(java.lang.String,java.lang.String)[pri:0, instance:DemoBlazeDemo@74235045]" started-at="2026-04-20T23:15:08 IST" name="beforeMethod" finished-at="2026-04-20T23:15:13 IST" duration-ms="4475" status="PASS">
          <params>
            <param index="0">
              <value>
                <![CDATA[chrome]]>
              </value>
            </param>
            <param index="1">
              <value>
                <![CDATA[https://www.demoblaze.com/]]>
              </value>
            </param>
          </params>
          <reporter-output>
          </reporter-output>
        </test-method> <!-- beforeMethod -->
        <test-method is-config="true" signature="beforeMethod(java.lang.String,java.lang.String)[pri:0, instance:DemoBlazeDemo@74235045]" started-at="2026-04-20T23:15:08 IST" name="beforeMethod" finished-at="2026-04-20T23:15:13 IST" duration-ms="4752" status="PASS">
          <params>
            <param index="0">
              <value>
                <![CDATA[chrome]]>
              </value>
            </param>
            <param index="1">
              <value>
                <![CDATA[https://www.demoblaze.com/]]>
              </value>
            </param>
          </params>
          <reporter-output>
          </reporter-output>
        </test-method> <!-- beforeMethod -->
        <test-method signature="login(java.lang.String,java.lang.String)[pri:0, instance:DemoBlazeDemo@74235045]" started-at="2026-04-20T23:15:13 IST" name="login" finished-at="2026-04-20T23:15:16 IST" duration-ms="3848" status="PASS">
          <params>
            <param index="0">
              <value>
                <![CDATA[anandkumar@gmail.com]]>
              </value>
            </param>
            <param index="1">
              <value>
                <![CDATA[Anandkumar@123]]>
              </value>
            </param>
          </params>
          <reporter-output>
          </reporter-output>
        </test-method> <!-- login -->
        <test-method signature="loginPasswordInvalid(java.lang.String,java.lang.String)[pri:0, instance:DemoBlazeDemo@74235045]" started-at="2026-04-20T23:15:13 IST" name="loginPasswordInvalid" data-provider="testdata" finished-at="2026-04-20T23:15:15 IST" duration-ms="2125" status="PASS">
          <params>
            <param index="0">
              <value>
                <![CDATA[anandkumar@gmail.com]]>
              </value>
            </param>
            <param index="1">
              <value>
                <![CDATA[Anandkumar@1234]]>
              </value>
            </param>
          </params>
          <reporter-output>
          </reporter-output>
        </test-method> <!-- loginPasswordInvalid -->
        <test-method signature="loginPasswordInvalid(java.lang.String,java.lang.String)[pri:0, instance:DemoBlazeDemo@74235045]" started-at="2026-04-20T23:15:13 IST" name="loginPasswordInvalid" data-provider="testdata" finished-at="2026-04-20T23:15:15 IST" duration-ms="2141" status="PASS">
          <params>
            <param index="0">
              <value>
                <![CDATA[aanandkumar@gmail.com]]>
              </value>
            </param>
            <param index="1">
              <value>
                <![CDATA[Anandkumar@123]]>
              </value>
            </param>
          </params>
          <reporter-output>
          </reporter-output>
        </test-method> <!-- loginPasswordInvalid -->
        <test-method is-config="true" signature="afterMethod()[pri:0, instance:DemoBlazeDemo@74235045]" started-at="2026-04-20T23:15:15 IST" name="afterMethod" finished-at="2026-04-20T23:15:15 IST" duration-ms="360" status="PASS">
          <reporter-output>
          </reporter-output>
        </test-method> <!-- afterMethod -->
        <test-method is-config="true" signature="afterMethod()[pri:0, instance:DemoBlazeDemo@74235045]" started-at="2026-04-20T23:15:15 IST" name="afterMethod" finished-at="2026-04-20T23:15:15 IST" duration-ms="329" status="PASS">
          <reporter-output>
          </reporter-output>
        </test-method> <!-- afterMethod -->
        <test-method is-config="true" signature="afterMethod()[pri:0, instance:DemoBlazeDemo@74235045]" started-at="2026-04-20T23:15:16 IST" name="afterMethod" finished-at="2026-04-20T23:15:17 IST" duration-ms="174" status="PASS">
          <reporter-output>
          </reporter-output>
        </test-method> <!-- afterMethod -->
      </class> <!-- DemoBlazeDemo -->
      <class name="DataProviderDemo">
        <test-method is-config="true" signature="setUp()[pri:0, instance:DataProviderDemo@477b4cdf]" started-at="2026-04-20T23:15:08 IST" name="setUp" finished-at="2026-04-20T23:15:12 IST" duration-ms="3896" status="PASS">
          <reporter-output>
          </reporter-output>
        </test-method> <!-- setUp -->
        <test-method is-config="true" signature="setUp()[pri:0, instance:DataProviderDemo@477b4cdf]" started-at="2026-04-20T23:15:08 IST" name="setUp" finished-at="2026-04-20T23:15:12 IST" duration-ms="3855" status="PASS">
          <reporter-output>
          </reporter-output>
        </test-method> <!-- setUp -->
        <test-method signature="search(java.lang.String)[pri:0, instance:DataProviderDemo@477b4cdf]" started-at="2026-04-20T23:15:12 IST" name="search" data-provider="testdata" finished-at="2026-04-20T23:15:12 IST" duration-ms="395" status="PASS">
          <params>
            <param index="0">
              <value>
                <![CDATA[Selenium]]>
              </value>
            </param>
          </params>
          <reporter-output>
          </reporter-output>
        </test-method> <!-- search -->
        <test-method signature="search(java.lang.String)[pri:0, instance:DataProviderDemo@477b4cdf]" started-at="2026-04-20T23:15:12 IST" name="search" data-provider="testdata" finished-at="2026-04-20T23:15:12 IST" duration-ms="441" status="PASS">
          <params>
            <param index="0">
              <value>
                <![CDATA[TestNG]]>
              </value>
            </param>
          </params>
          <reporter-output>
          </reporter-output>
        </test-method> <!-- search -->
        <test-method is-config="true" signature="tearDown()[pri:0, instance:DataProviderDemo@477b4cdf]" started-at="2026-04-20T23:15:12 IST" name="tearDown" finished-at="2026-04-20T23:15:13 IST" duration-ms="422" status="PASS">
          <reporter-output>
          </reporter-output>
        </test-method> <!-- tearDown -->
        <test-method is-config="true" signature="tearDown()[pri:0, instance:DataProviderDemo@477b4cdf]" started-at="2026-04-20T23:15:12 IST" name="tearDown" finished-at="2026-04-20T23:15:13 IST" duration-ms="371" status="PASS">
          <reporter-output>
          </reporter-output>
        </test-method> <!-- tearDown -->
      </class> <!-- DataProviderDemo -->
    </test> <!-- Test -->
  </suite> <!-- Suite -->
</testng-results>
