<?xml version="1.0" encoding="UTF-8"?>
<testng-results ignored="0" total="5" passed="5" failed="0" skipped="0">
  <reporter-output>
  </reporter-output>
  <suite started-at="2026-04-20T23:03:13 IST" name="Suite" finished-at="2026-04-20T23:03:23 IST" duration-ms="9731">
    <groups>
    </groups>
    <test started-at="2026-04-20T23:03:13 IST" name="Test" finished-at="2026-04-20T23:03:23 IST" duration-ms="9731">
      <class name="DemoBlazeDemo">
        <test-method is-config="true" signature="beforeMethod(java.lang.String,java.lang.String)[pri:0, instance:DemoBlazeDemo@74235045]" started-at="2026-04-20T23:03:13 IST" name="beforeMethod" finished-at="2026-04-20T23:03:19 IST" duration-ms="5693" status="PASS">
          <params>
            <param index="0">
              <value>
                <![CDATA[chrome]]>
              </value>
            </param>
            <param index="1">
              <value>
                <![CDATA[https://www.demoblaze.com/]]>
              </value>
            </param>
          </params>
          <reporter-output>
          </reporter-output>
        </test-method> <!-- beforeMethod -->
        <test-method is-config="true" signature="beforeMethod(java.lang.String,java.lang.String)[pri:0, instance:DemoBlazeDemo@74235045]" started-at="2026-04-20T23:03:13 IST" name="beforeMethod" finished-at="2026-04-20T23:03:19 IST" duration-ms="5949" status="PASS">
          <params>
            <param index="0">
              <value>
                <![CDATA[chrome]]>
              </value>
            </param>
            <param index="1">
              <value>
                <![CDATA[https://www.demoblaze.com/]]>
              </value>
            </param>
          </params>
          <reporter-output>
          </reporter-output>
        </test-method> <!-- beforeMethod -->
        <test-method is-config="true" signature="beforeMethod(java.lang.String,java.lang.String)[pri:0, instance:DemoBlazeDemo@74235045]" started-at="2026-04-20T23:03:13 IST" name="beforeMethod" finished-at="2026-04-20T23:03:18 IST" duration-ms="5279" status="PASS">
          <params>
            <param index="0">
              <value>
                <![CDATA[chrome]]>
              </value>
            </param>
            <param index="1">
              <value>
                <![CDATA[https://www.demoblaze.com/]]>
              </value>
            </param>
          </params>
          <reporter-output>
          </reporter-output>
        </test-method> <!-- beforeMethod -->
        <test-method signature="loginPasswordInvalid(java.lang.String,java.lang.String)[pri:0, instance:DemoBlazeDemo@74235045]" started-at="2026-04-20T23:03:18 IST" name="loginPasswordInvalid" data-provider="testdata" finished-at="2026-04-20T23:03:21 IST" duration-ms="2247" status="PASS">
          <params>
            <param index="0">
              <value>
                <![CDATA[anandkumar@gmail.com]]>
              </value>
            </param>
            <param index="1">
              <value>
                <![CDATA[Anandkumar@1234]]>
              </value>
            </param>
          </params>
          <reporter-output>
          </reporter-output>
        </test-method> <!-- loginPasswordInvalid -->
        <test-method signature="login(java.lang.String,java.lang.String)[pri:0, instance:DemoBlazeDemo@74235045]" started-at="2026-04-20T23:03:19 IST" name="login" finished-at="2026-04-20T23:03:23 IST" duration-ms="3703" status="PASS">
          <params>
            <param index="0">
              <value>
                <![CDATA[anandkumar@gmail.com]]>
              </value>
            </param>
            <param index="1">
              <value>
                <![CDATA[Anandkumar@123]]>
              </value>
            </param>
          </params>
          <reporter-output>
          </reporter-output>
        </test-method> <!-- login -->
        <test-method signature="loginPasswordInvalid(java.lang.String,java.lang.String)[pri:0, instance:DemoBlazeDemo@74235045]" started-at="2026-04-20T23:03:19 IST" name="loginPasswordInvalid" data-provider="testdata" finished-at="2026-04-20T23:03:21 IST" duration-ms="2141" status="PASS">
          <params>
            <param index="0">
              <value>
                <![CDATA[aanandkumar@gmail.com]]>
              </value>
            </param>
            <param index="1">
              <value>
                <![CDATA[Anandkumar@123]]>
              </value>
            </param>
          </params>
          <reporter-output>
          </reporter-output>
        </test-method> <!-- loginPasswordInvalid -->
        <test-method is-config="true" signature="afterMethod()[pri:0, instance:DemoBlazeDemo@74235045]" started-at="2026-04-20T23:03:21 IST" name="afterMethod" finished-at="2026-04-20T23:03:21 IST" duration-ms="320" status="PASS">
          <reporter-output>
          </reporter-output>
        </test-method> <!-- afterMethod -->
        <test-method is-config="true" signature="afterMethod()[pri:0, instance:DemoBlazeDemo@74235045]" started-at="2026-04-20T23:03:21 IST" name="afterMethod" finished-at="2026-04-20T23:03:22 IST" duration-ms="354" status="PASS">
          <reporter-output>
          </reporter-output>
        </test-method> <!-- afterMethod -->
        <test-method is-config="true" signature="afterMethod()[pri:0, instance:DemoBlazeDemo@74235045]" started-at="2026-04-20T23:03:23 IST" name="afterMethod" finished-at="2026-04-20T23:03:23 IST" duration-ms="181" status="PASS">
          <reporter-output>
          </reporter-output>
        </test-method> <!-- afterMethod -->
      </class> <!-- DemoBlazeDemo -->
      <class name="DataProviderDemo">
        <test-method is-config="true" signature="setUp()[pri:0, instance:DataProviderDemo@477b4cdf]" started-at="2026-04-20T23:03:13 IST" name="setUp" finished-at="2026-04-20T23:03:18 IST" duration-ms="4373" status="PASS">
          <reporter-output>
          </reporter-output>
        </test-method> <!-- setUp -->
        <test-method is-config="true" signature="setUp()[pri:0, instance:DataProviderDemo@477b4cdf]" started-at="2026-04-20T23:03:13 IST" name="setUp" finished-at="2026-04-20T23:03:18 IST" duration-ms="5052" status="PASS">
          <reporter-output>
          </reporter-output>
        </test-method> <!-- setUp -->
        <test-method signature="search(java.lang.String)[pri:0, instance:DataProviderDemo@477b4cdf]" started-at="2026-04-20T23:03:18 IST" name="search" data-provider="testdata" finished-at="2026-04-20T23:03:18 IST" duration-ms="260" status="PASS">
          <params>
            <param index="0">
              <value>
                <![CDATA[Selenium]]>
              </value>
            </param>
          </params>
          <reporter-output>
          </reporter-output>
        </test-method> <!-- search -->
        <test-method is-config="true" signature="tearDown()[pri:0, instance:DataProviderDemo@477b4cdf]" started-at="2026-04-20T23:03:18 IST" name="tearDown" finished-at="2026-04-20T23:03:18 IST" duration-ms="355" status="PASS">
          <reporter-output>
          </reporter-output>
        </test-method> <!-- tearDown -->
        <test-method signature="search(java.lang.String)[pri:0, instance:DataProviderDemo@477b4cdf]" started-at="2026-04-20T23:03:18 IST" name="search" data-provider="testdata" finished-at="2026-04-20T23:03:18 IST" duration-ms="261" status="PASS">
          <params>
            <param index="0">
              <value>
                <![CDATA[TestNG]]>
              </value>
            </param>
          </params>
          <reporter-output>
          </reporter-output>
        </test-method> <!-- search -->
        <test-method is-config="true" signature="tearDown()[pri:0, instance:DataProviderDemo@477b4cdf]" started-at="2026-04-20T23:03:18 IST" name="tearDown" finished-at="2026-04-20T23:03:19 IST" duration-ms="366" status="PASS">
          <reporter-output>
          </reporter-output>
        </test-method> <!-- tearDown -->
      </class> <!-- DataProviderDemo -->
    </test> <!-- Test -->
  </suite> <!-- Suite -->
</testng-results>
