<?xml version="1.0" encoding="UTF-8"?>
<!-- Generated by org.testng.reporters.JUnitReportReporter -->
<testsuite hostname="Jagadeep" failures="0" tests="3" name="DemoBlazeDemo" time="25.867" errors="0" timestamp="2026-04-20T23:03:23 IST" skipped="0">
  <testcase classname="DemoBlazeDemo" name="loginPasswordInvalid" time="8.516"/>
  <testcase classname="DemoBlazeDemo" name="loginPasswordInvalid" time="7.774"/>
  <testcase classname="DemoBlazeDemo" name="login" time="9.577"/>
</testsuite> <!-- DemoBlazeDemo -->
