<?xml version="1.0" encoding="UTF-8"?>
<!-- Generated by org.testng.reporters.JUnitReportReporter -->
<testsuite hostname="Jagadeep" failures="0" tests="3" name="DemoBlazeDemo" time="22.836" errors="0" timestamp="2026-04-20T23:15:17 IST" skipped="0">
  <testcase classname="DemoBlazeDemo" name="login" time="8.809"/>
  <testcase classname="DemoBlazeDemo" name="loginPasswordInvalid" time="6.976"/>
  <testcase classname="DemoBlazeDemo" name="loginPasswordInvalid" time="7.051"/>
</testsuite> <!-- DemoBlazeDemo -->
