<?xml version="1.0" encoding="UTF-8"?>
<!-- Generated by org.testng.reporters.JUnitReportReporter -->
<testsuite hostname="Jagadeep" failures="0" tests="3" name="com.test.TestNG_Demo" time="15.993" errors="0" timestamp="2026-04-17T16:04:29 IST" skipped="0">
  <testcase classname="com.test.TestNG_Demo" name="loginUsernameInvalid" time="4.625"/>
  <testcase classname="com.test.TestNG_Demo" name="login" time="6.515"/>
  <testcase classname="com.test.TestNG_Demo" name="loginPasswordInvalid" time="4.853"/>
</testsuite> <!-- com.test.TestNG_Demo -->
