<?xml version="1.0" encoding="UTF-8"?>
<!-- Generated by org.testng.reporters.JUnitReportReporter -->
<testsuite hostname="Jagadeep" failures="0" tests="3" name="com.test.SampleTest" time="0.006" errors="0" timestamp="2026-04-17T12:14:03 IST" skipped="0">
  <testcase classname="com.test.SampleTest" name="b" time="0.002"/>
  <testcase classname="com.test.SampleTest" name="a" time="0.002"/>
  <testcase classname="com.test.SampleTest" name="c" time="0.002"/>
</testsuite> <!-- com.test.SampleTest -->
