<?xml version="1.0" encoding="UTF-8"?>
<!-- Generated by org.testng.reporters.JUnitXMLReporter -->
<testsuite ignored="6" hostname="Jagadeep" failures="0" tests="2" name="Test" time="11.94" errors="0" timestamp="2026-04-17T12:33:29 IST">
  <testcase classname="com.test.TestNG_Demo" name="loginPasswordInvalid" time="1.967"/>
  <testcase classname="com.test.TestNG_Demo" name="loginUsernameInvalid" time="1.803"/>
  <testcase classname="com.test.SampleTest" name="c" time="0.0">
    <ignored/>
  </testcase> <!-- c -->
  <testcase classname="com.test.SampleTest" name="a" time="0.0">
    <ignored/>
  </testcase> <!-- a -->
  <testcase classname="com.test.AnnotationExample" name="loginTest" time="0.0">
    <ignored/>
  </testcase> <!-- loginTest -->
  <testcase classname="com.test.SampleTest" name="b" time="0.0">
    <ignored/>
  </testcase> <!-- b -->
  <testcase classname="com.test.AnnotationExample" name="logout" time="0.0">
    <ignored/>
  </testcase> <!-- logout -->
  <testcase classname="com.test.TestNG_Demo" name="login" time="0.0">
    <ignored/>
  </testcase> <!-- login -->
</testsuite> <!-- Test -->
